{"C:\\Users\\tmeen\\Programming-file\\VSCode-WORKSPACE\\Namaste-React\\namaste-react-master\\src\\components\\Contact.js": {"path":"C:\\Users\\tmeen\\Programming-file\\VSCode-WORKSPACE\\Namaste-React\\namaste-react-master\\src\\components\\Contact.js","statementMap":{"0":{"start":{"line":1,"column":16},"end":{"line":22,"column":1}},"1":{"start":{"line":2,"column":2},"end":{"line":21,"column":4}}},"fnMap":{"0":{"name":"(anonymous_0)","decl":{"start":{"line":1,"column":16},"end":{"line":1,"column":17}},"loc":{"start":{"line":1,"column":22},"end":{"line":22,"column":1}},"line":1}},"branchMap":{},"s":{"0":1,"1":3},"f":{"0":3},"b":{},"_coverageSchema":"1a1c01bbd47fc00a2c39e90264f33305004495a9","hash":"4c6ec307b2c1d7bb0a54b2b3355059f6bfb803a0"}
,"C:\\Users\\tmeen\\Programming-file\\VSCode-WORKSPACE\\Namaste-React\\namaste-react-master\\src\\components\\sum.js": {"path":"C:\\Users\\tmeen\\Programming-file\\VSCode-WORKSPACE\\Namaste-React\\namaste-react-master\\src\\components\\sum.js","statementMap":{"0":{"start":{"line":1,"column":31},"end":{"line":1,"column":36}}},"fnMap":{"0":{"name":"(anonymous_0)","decl":{"start":{"line":1,"column":21},"end":{"line":1,"column":22}},"loc":{"start":{"line":1,"column":31},"end":{"line":1,"column":36}},"line":1}},"branchMap":{},"s":{"0":1},"f":{"0":1},"b":{},"_coverageSchema":"1a1c01bbd47fc00a2c39e90264f33305004495a9","hash":"5e9f932b17884fb9b2fec9eee7c6c8e193562f2e"}
}
